2022-07-14T06:44:57+00:00 CRITICAL Cannot redeclare my_add_menu_items() (previously declared in C:\xampp8.1\htdocs\project-wordpress\wordpress\wp-content\plugins\Book-review\example-wp-list_table.php:173) in C:\xampp8.1\htdocs\project-wordpress\wordpress\wp-content\plugins\demo\demo-manager.php on line 171

2022-07-14T06:45:51+00:00 CRITICAL Cannot redeclare employees_list_init() (previously declared in C:\xampp8.1\htdocs\project-wordpress\wordpress\wp-content\plugins\Book-review\example-wp-list_table.php:202) in C:\xampp8.1\htdocs\project-wordpress\wordpress\wp-content\plugins\demo\demo-manager.php on line 173

2022-07-14T06:46:09+00:00 CRITICAL Cannot redeclare employee_add_new_user() (previously declared in C:\xampp8.1\htdocs\project-wordpress\wordpress\wp-content\plugins\Book-review\example-wp-list_table.php:235) in C:\xampp8.1\htdocs\project-wordpress\wordpress\wp-content\plugins\demo\demo-manager.php on line 173

2022-07-14T06:46:23+00:00 CRITICAL Cannot declare class Employees_List_Table, because the name is already in use in C:\xampp8.1\htdocs\project-wordpress\wordpress\wp-content\plugins\demo\demo-manager.php on line 18

2022-07-14T08:38:04+00:00 CRITICAL Uncaught Error: Array callback has to contain indices 0 and 1 in C:\xampp8.1\htdocs\project-wordpress\wordpress\wp-content\plugins\demo\payment-amount-setting.php:29
Stack trace:
#0 C:\xampp8.1\htdocs\project-wordpress\wordpress\wp-content\plugins\demo\demo.php(58): include_once()
#1 C:\xampp8.1\htdocs\project-wordpress\wordpress\wp-includes\class-wp-hook.php(307): Demo->demo_setting_content('')
#2 C:\xampp8.1\htdocs\project-wordpress\wordpress\wp-includes\class-wp-hook.php(331): WP_Hook->apply_filters('', Array)
#3 C:\xampp8.1\htdocs\project-wordpress\wordpress\wp-includes\plugin.php(476): WP_Hook->do_action(Array)
#4 C:\xampp8.1\htdocs\project-wordpress\wordpress\wp-admin\admin.php(259): do_action('toplevel_page_d...')
#5 {main}
  thrown in C:\xampp8.1\htdocs\project-wordpress\wordpress\wp-content\plugins\demo\payment-amount-setting.php on line 29

2022-07-14T08:45:43+00:00 CRITICAL Array and string offset access syntax with curly braces is no longer supported in C:\xampp8.1\htdocs\project-wordpress\wordpress\wp-content\plugins\demo\payment-amount-setting.php on line 81

2022-07-14T08:48:56+00:00 CRITICAL Uncaught Error: Array callback must have exactly two elements in C:\xampp8.1\htdocs\project-wordpress\wordpress\wp-content\plugins\demo\payment-amount-setting.php:29
Stack trace:
#0 C:\xampp8.1\htdocs\project-wordpress\wordpress\wp-content\plugins\demo\demo.php(58): include_once()
#1 C:\xampp8.1\htdocs\project-wordpress\wordpress\wp-includes\class-wp-hook.php(307): Demo->demo_setting_content('')
#2 C:\xampp8.1\htdocs\project-wordpress\wordpress\wp-includes\class-wp-hook.php(331): WP_Hook->apply_filters('', Array)
#3 C:\xampp8.1\htdocs\project-wordpress\wordpress\wp-includes\plugin.php(476): WP_Hook->do_action(Array)
#4 C:\xampp8.1\htdocs\project-wordpress\wordpress\wp-admin\admin.php(259): do_action('toplevel_page_d...')
#5 {main}
  thrown in C:\xampp8.1\htdocs\project-wordpress\wordpress\wp-content\plugins\demo\payment-amount-setting.php on line 29

2022-07-14T08:50:10+00:00 CRITICAL Uncaught Error: Array callback must have exactly two elements in C:\xampp8.1\htdocs\project-wordpress\wordpress\wp-content\plugins\demo\payment-amount-setting.php:29
Stack trace:
#0 C:\xampp8.1\htdocs\project-wordpress\wordpress\wp-content\plugins\demo\demo.php(58): include_once()
#1 C:\xampp8.1\htdocs\project-wordpress\wordpress\wp-includes\class-wp-hook.php(307): Demo->demo_setting_content('')
#2 C:\xampp8.1\htdocs\project-wordpress\wordpress\wp-includes\class-wp-hook.php(331): WP_Hook->apply_filters('', Array)
#3 C:\xampp8.1\htdocs\project-wordpress\wordpress\wp-includes\plugin.php(476): WP_Hook->do_action(Array)
#4 C:\xampp8.1\htdocs\project-wordpress\wordpress\wp-admin\admin.php(259): do_action('toplevel_page_d...')
#5 {main}
  thrown in C:\xampp8.1\htdocs\project-wordpress\wordpress\wp-content\plugins\demo\payment-amount-setting.php on line 29

2022-07-14T08:57:35+00:00 CRITICAL Uncaught Error: Array callback has to contain indices 0 and 1 in C:\xampp8.1\htdocs\project-wordpress\wordpress\wp-content\plugins\demo\payment-amount-setting.php:29
Stack trace:
#0 C:\xampp8.1\htdocs\project-wordpress\wordpress\wp-content\plugins\demo\demo.php(58): include_once()
#1 C:\xampp8.1\htdocs\project-wordpress\wordpress\wp-includes\class-wp-hook.php(307): Demo->demo_setting_content('')
#2 C:\xampp8.1\htdocs\project-wordpress\wordpress\wp-includes\class-wp-hook.php(331): WP_Hook->apply_filters('', Array)
#3 C:\xampp8.1\htdocs\project-wordpress\wordpress\wp-includes\plugin.php(476): WP_Hook->do_action(Array)
#4 C:\xampp8.1\htdocs\project-wordpress\wordpress\wp-admin\admin.php(259): do_action('toplevel_page_d...')
#5 {main}
  thrown in C:\xampp8.1\htdocs\project-wordpress\wordpress\wp-content\plugins\demo\payment-amount-setting.php on line 29

2022-07-14T09:14:25+00:00 CRITICAL Uncaught Error: Array callback has to contain indices 0 and 1 in C:\xampp8.1\htdocs\project-wordpress\wordpress\wp-content\plugins\demo\payment-amount-setting.php:29
Stack trace:
#0 C:\xampp8.1\htdocs\project-wordpress\wordpress\wp-content\plugins\demo\demo.php(58): include_once()
#1 C:\xampp8.1\htdocs\project-wordpress\wordpress\wp-includes\class-wp-hook.php(307): Demo->demo_setting_content('')
#2 C:\xampp8.1\htdocs\project-wordpress\wordpress\wp-includes\class-wp-hook.php(331): WP_Hook->apply_filters('', Array)
#3 C:\xampp8.1\htdocs\project-wordpress\wordpress\wp-includes\plugin.php(476): WP_Hook->do_action(Array)
#4 C:\xampp8.1\htdocs\project-wordpress\wordpress\wp-admin\admin.php(259): do_action('toplevel_page_d...')
#5 {main}
  thrown in C:\xampp8.1\htdocs\project-wordpress\wordpress\wp-content\plugins\demo\payment-amount-setting.php on line 29

